[2025-01-13 19:59:10.339] [info]  Checking for update
[2025-01-13 19:59:10.357] [info]  Generated new staging user ID: 90df051d-85d1-5db8-9595-11496dfee5f7
[2025-01-13 19:59:10.853] [info]  Checking for update (already in progress)
[2025-01-13 19:59:12.325] [info]  Update for version 3.195.13 is not available (latest version: 3.195.13, downgrade is disallowed).
[2025-01-13 19:59:37.871] [info]  PackageManager[Info]: received sync event for: Tangerine (5.1) (deleted: false)
[2025-01-13 19:59:37.872] [info]  PackageManager[Info]: Installing  Tangerine https://github.com/shompoe/sn-orange/archive/master.zip
[2025-01-13 19:59:37.872] [info]  PackageManager[Info]: Downloading from https://github.com/shompoe/sn-orange/archive/master.zip
[2025-01-13 19:59:39.298] [info]  PackageManager[Info]: Extracting /tmp/Standard Notes/downloads/Tangerine.zip to /home/user/.config/Standard Notes/Extensions/io.shompoe.orange
[2025-01-13 19:59:39.315] [info]  PackageManager[Info]: Installed component Tangerine (5.1)
[2025-01-13 19:59:58.624] [info]  Checking for update
[2025-01-13 19:59:59.114] [info]  Checking for update (already in progress)
[2025-01-13 19:59:59.283] [info]  PackageManager[Info]: received sync event for: Tangerine (5.1) (deleted: false)
[2025-01-13 19:59:59.842] [info]  PackageManager[Info]: Checking for update for Tangerine
Latest: 5.1 | Installed: 5.1
[2025-01-13 20:00:00.160] [info]  Update for version 3.195.13 is not available (latest version: 3.195.13, downgrade is disallowed).
[2025-01-13 20:16:30.350] [info]  Checking for update
[2025-01-13 20:16:30.842] [info]  Checking for update (already in progress)
[2025-01-13 20:16:31.017] [info]  PackageManager[Info]: received sync event for: Tangerine (5.1) (deleted: false)
[2025-01-13 20:16:31.533] [info]  PackageManager[Info]: Checking for update for Tangerine
Latest: 5.1 | Installed: 5.1
[2025-01-13 20:16:32.540] [info]  Update for version 3.195.13 is not available (latest version: 3.195.13, downgrade is disallowed).
[2025-01-13 21:40:40.946] [info]  Checking for update
[2025-01-13 21:40:41.476] [info]  Checking for update (already in progress)
[2025-01-13 21:40:43.950] [info]  Update for version 3.195.13 is not available (latest version: 3.195.13, downgrade is disallowed).
[2025-01-14 11:03:18.658] [info]  Checking for update
[2025-01-14 11:03:19.218] [info]  Checking for update (already in progress)
[2025-01-14 11:03:20.291] [info]  Update for version 3.195.13 is not available (latest version: 3.195.13, downgrade is disallowed).
[2025-01-14 11:04:28.304] [info]  PackageManager[Info]: received sync event for: Tangerine (5.1) (deleted: false)
[2025-01-14 11:04:30.433] [info]  PackageManager[Info]: Checking for update for Tangerine
Latest: 5.1 | Installed: 5.1
[2025-01-14 11:04:42.062] [info]  Checking for update
[2025-01-14 11:04:42.536] [info]  Checking for update (already in progress)
[2025-01-14 11:04:43.384] [info]  Update for version 3.195.13 is not available (latest version: 3.195.13, downgrade is disallowed).
[2025-01-14 11:05:16.011] [info]  Checking for update
[2025-01-14 11:05:16.489] [info]  Checking for update (already in progress)
[2025-01-14 11:05:17.304] [info]  Update for version 3.195.13 is not available (latest version: 3.195.13, downgrade is disallowed).
[2025-01-14 11:05:41.912] [info]  PackageManager[Info]: received sync event for: Tangerine (5.1) (deleted: false)
[2025-01-14 11:05:42.199] [info]  PackageManager[Info]: Checking for update for Tangerine
Latest: 5.1 | Installed: 5.1
[2025-01-14 11:05:52.227] [info]  Checking for update
[2025-01-14 11:05:52.685] [info]  Checking for update (already in progress)
[2025-01-14 11:05:53.660] [info]  Update for version 3.195.13 is not available (latest version: 3.195.13, downgrade is disallowed).
[2025-01-14 11:06:03.115] [info]  PackageManager[Info]: received sync event for: Tangerine (5.1) (deleted: false)
[2025-01-14 11:06:03.375] [info]  PackageManager[Info]: Checking for update for Tangerine
Latest: 5.1 | Installed: 5.1
[2025-01-14 11:06:08.345] [info]  Checking for update
[2025-01-14 11:06:08.849] [info]  Checking for update (already in progress)
[2025-01-14 11:06:09.226] [info]  Update for version 3.195.13 is not available (latest version: 3.195.13, downgrade is disallowed).
[2025-01-14 11:06:26.290] [info]  PackageManager[Info]: received sync event for: Tangerine (5.1) (deleted: false)
[2025-01-14 11:06:26.553] [info]  PackageManager[Info]: Checking for update for Tangerine
Latest: 5.1 | Installed: 5.1
[2025-01-15 19:56:05.363] [info]  Checking for update
[2025-01-15 19:56:05.888] [info]  Checking for update (already in progress)
[2025-01-15 19:56:06.727] [info]  Update for version 3.195.13 is not available (latest version: 3.195.13, downgrade is disallowed).
[2025-01-15 19:56:46.174] [info]  PackageManager[Info]: received sync event for: Tangerine (5.1) (deleted: false)
[2025-01-15 19:56:46.559] [info]  PackageManager[Info]: Checking for update for Tangerine
Latest: 5.1 | Installed: 5.1
[2025-01-16 13:27:29.535] [info]  Checking for update
[2025-01-16 13:27:30.028] [info]  Checking for update (already in progress)
[2025-01-16 13:27:30.199] [info]  PackageManager[Info]: received sync event for: Tangerine (5.1) (deleted: false)
[2025-01-16 13:27:30.508] [info]  PackageManager[Info]: Checking for update for Tangerine
Latest: 5.1 | Installed: 5.1
[2025-01-16 13:27:31.019] [info]  Update for version 3.195.13 is not available (latest version: 3.195.13, downgrade is disallowed).
[2025-01-16 16:35:11.649] [info]  Checking for update
[2025-01-16 16:35:12.190] [info]  Checking for update (already in progress)
[2025-01-16 16:35:12.410] [info]  PackageManager[Info]: received sync event for: Tangerine (5.1) (deleted: false)
[2025-01-16 16:35:12.899] [info]  PackageManager[Info]: Checking for update for Tangerine
Latest: 5.1 | Installed: 5.1
[2025-01-16 16:35:13.984] [info]  Update for version 3.195.13 is not available (latest version: 3.195.13, downgrade is disallowed).
[2025-01-17 17:42:43.865] [info]  Checking for update
[2025-01-17 17:42:44.372] [info]  Checking for update (already in progress)
[2025-01-17 17:42:44.564] [info]  PackageManager[Info]: received sync event for: Tangerine (5.1) (deleted: false)
[2025-01-17 17:42:45.098] [info]  PackageManager[Info]: Checking for update for Tangerine
Latest: 5.1 | Installed: 5.1
[2025-01-17 17:42:46.069] [info]  Update for version 3.195.13 is not available (latest version: 3.195.13, downgrade is disallowed).
[2025-01-18 19:53:34.665] [info]  Checking for update
[2025-01-18 19:53:35.170] [info]  Checking for update (already in progress)
[2025-01-18 19:53:35.344] [info]  PackageManager[Info]: received sync event for: Tangerine (5.1) (deleted: false)
[2025-01-18 19:53:35.899] [info]  PackageManager[Info]: Checking for update for Tangerine
Latest: 5.1 | Installed: 5.1
[2025-01-18 19:53:35.999] [info]  Update for version 3.195.13 is not available (latest version: 3.195.13, downgrade is disallowed).
